 ******* Program HYDRUS
 ******* 
 infiltration of water to soil                                           
 Date:  27. 4.    Time:  20:41:50
 Units: L = cm   , T = hours, M = mmol 

----------------------------------------------------------
 Time       [T]        0.0000
----------------------------------------------------------
 Sub-region num.                     1            2
----------------------------------------------------------
 Area     [L]        0.18000E+03  0.72186E+02  0.10781E+03
 W-volume [L]        0.90307E+02  0.36094E+02  0.54213E+02
 In-flow  [L/T]      0.00000E+00  0.00000E+00  0.00000E+00
 h Mean   [L]        0.27382E+00  0.40303E+00  0.18731E+00
 Top Flux [L/T]     -0.15000E+01
 Bot Flux [L/T]     -0.56366E+01
----------------------------------------------------------

----------------------------------------------------------
 Time       [T]     6000.0000
----------------------------------------------------------
 Sub-region num.                     1            2
----------------------------------------------------------
 Area     [L]        0.18000E+03  0.72186E+02  0.10781E+03
 W-volume [L]        0.86625E+02  0.32412E+02  0.54213E+02
 In-flow  [L/T]     -0.95896E-01 -0.95896E-01  0.00000E+00
 h Mean   [L]        0.25889E+02 -0.56428E+02  0.81003E+02
 Top Flux [L/T]      0.95873E-01
 Bot Flux [L/T]     -0.40316E-05
 WatBalT  [L]       -0.12541E+01
 WatBalR  [%]              0.585
----------------------------------------------------------
 
 Calculation time [sec]   463755521.000000     
