 ******* Program HYDRUS
 ******* 
 infiltration of water to soil                                           
 Date:  27. 4.    Time:  20:41:50
 Units: L = cm   , T = hours, M = mmol 
 
 CosAlf,MaxIt,TolTh,  TolH
 1.000   15   0.010 5.00000
 
 TopInF,BotInF,AtmBC,SinkF,WLayer,qGWLF,FreeD,SeepF,lWat,lChem,lTemp,lRoot,lWDep
     T     F     T     T     T     T     F     F     T     F     F     F     F

Nodal point information

node      x         hOld    MatN LayN  Beta      Ah       AK      ATh     Temp    Conc(1...NS)         Sorb(1...NS)

   1      0.000      0.444    1    1   0.000    1.000    1.000    1.000
   2     -1.598      0.444    1    1   0.000    1.000    1.000    1.000
   3     -3.585      0.444    1    1   0.000    1.000    1.000    1.000
   4     -5.960      0.444    1    1   0.000    1.000    1.000    1.000
   5     -8.723      0.444    1    1   0.000    1.000    1.000    1.000
   6    -11.875      0.444    1    1   0.000    1.000    1.000    1.000
   7    -15.415      0.444    1    1   0.000    1.000    1.000    1.000
   8    -19.344      0.444    1    1   0.000    1.000    1.000    1.000
   9    -23.662      0.444    1    1   0.000    1.000    1.000    1.000
  10    -28.368      0.444    1    1   0.000    1.000    1.000    1.000
  11    -33.462      0.444    1    1   0.000    1.000    1.000    1.000
  12    -38.945      0.444    1    1   0.000    1.000    1.000    1.000
  13    -44.816      0.347    2    1   0.000    1.000    1.000    1.000
  14    -51.076      0.347    2    1   0.000    1.000    1.000    1.000
  15    -57.724      0.347    2    1   0.000    1.000    1.000    1.000
  16    -64.761      0.347    2    1   0.000    1.000    1.000    1.000
  17    -72.186      0.347    2    1   0.000    1.000    1.000    1.000
  18    -80.000      0.181    3    2   0.000    1.000    1.000    1.000
  19    -82.909      0.181    3    2   0.000    1.000    1.000    1.000
  20    -86.354      0.181    3    2   0.000    1.000    1.000    1.000
  21    -90.337      0.181    3    2   0.000    1.000    1.000    1.000
  22    -94.856      0.181    3    2   0.000    1.000    1.000    1.000
  23    -99.912      0.181    3    2   0.000    1.000    1.000    1.000
  24   -105.505      0.181    3    2   0.000    1.000    1.000    1.000
  25   -111.635      0.181    3    2   0.000    1.000    1.000    1.000
  26   -118.302      0.181    3    2   0.000    1.000    1.000    1.000
  27   -125.505      0.181    3    2   0.000    1.000    1.000    1.000
  28   -133.245      0.181    3    2   0.000    1.000    1.000    1.000
  29   -141.523      0.181    3    2   0.000    1.000    1.000    1.000
  30   -150.337      0.181    3    2   0.000    1.000    1.000    1.000
  31   -159.688      0.181    3    2   0.000    1.000    1.000    1.000
  32   -169.575      0.181    3    2   0.000    1.000    1.000    1.000
  33   -180.000      0.181    3    2   0.000    1.000    1.000    1.000
end

 Number of species in the chain :   0


MatNum, Param. array:

   Mat     Qr     Qs        Alfa         n          Ks      l

    1    0.110  0.500   0.298E-01   0.150E+01   0.150E+01  0.400
    2    0.110  0.500   0.300E+00   0.127E+01   0.100E+01  0.600
    3    0.134  0.503   0.555E-01   0.161E+01   0.564E+01  0.557

       Table of Hydraulic Properties which are interpolated in simulation
       =================================================================

  theta         h        log h        C             K        log K          S          Kv
 
  0.5000  -0.100E-04 -0.5000E+01  0.3177E-05  0.1498E+01  0.1756E+00    1.0000  0.0000E+00
  0.5000  -0.124E-04 -0.4907E+01  0.3535E-05  0.1498E+01  0.1756E+00    1.0000  0.0000E+00
  0.5000  -0.153E-04 -0.4815E+01  0.3933E-05  0.1498E+01  0.1755E+00    1.0000  0.0000E+00
  0.5000  -0.190E-04 -0.4722E+01  0.4376E-05  0.1498E+01  0.1754E+00    1.0000  0.0000E+00
  0.5000  -0.235E-04 -0.4629E+01  0.4869E-05  0.1497E+01  0.1754E+00    1.0000  0.0000E+00
  0.5000  -0.291E-04 -0.4537E+01  0.5417E-05  0.1497E+01  0.1753E+00    1.0000  0.0000E+00
  0.5000  -0.360E-04 -0.4444E+01  0.6027E-05  0.1497E+01  0.1752E+00    1.0000  0.0000E+00
  0.5000  -0.445E-04 -0.4351E+01  0.6706E-05  0.1497E+01  0.1751E+00    1.0000  0.0000E+00
  0.5000  -0.551E-04 -0.4258E+01  0.7461E-05  0.1496E+01  0.1750E+00    1.0000  0.0000E+00
  0.5000  -0.683E-04 -0.4166E+01  0.8301E-05  0.1496E+01  0.1748E+00    1.0000  0.0000E+00
  0.5000  -0.845E-04 -0.4073E+01  0.9236E-05  0.1495E+01  0.1747E+00    1.0000  0.0000E+00
  0.5000  -0.105E-03 -0.3980E+01  0.1028E-04  0.1495E+01  0.1746E+00    1.0000  0.0000E+00
  0.5000  -0.129E-03 -0.3888E+01  0.1143E-04  0.1494E+01  0.1744E+00    1.0000  0.0000E+00
  0.5000  -0.160E-03 -0.3795E+01  0.1272E-04  0.1493E+01  0.1742E+00    1.0000  0.0000E+00
  0.5000  -0.198E-03 -0.3702E+01  0.1415E-04  0.1493E+01  0.1740E+00    1.0000  0.0000E+00
  0.5000  -0.246E-03 -0.3610E+01  0.1575E-04  0.1492E+01  0.1737E+00    1.0000  0.0000E+00
  0.5000  -0.304E-03 -0.3517E+01  0.1752E-04  0.1491E+01  0.1735E+00    1.0000  0.0000E+00
  0.5000  -0.376E-03 -0.3424E+01  0.1949E-04  0.1490E+01  0.1732E+00    1.0000  0.0000E+00
  0.5000  -0.466E-03 -0.3332E+01  0.2169E-04  0.1489E+01  0.1728E+00    1.0000  0.0000E+00
  0.5000  -0.577E-03 -0.3239E+01  0.2413E-04  0.1488E+01  0.1725E+00    1.0000  0.0000E+00
  0.5000  -0.714E-03 -0.3146E+01  0.2685E-04  0.1486E+01  0.1721E+00    1.0000  0.0000E+00
  0.5000  -0.884E-03 -0.3054E+01  0.2987E-04  0.1485E+01  0.1716E+00    1.0000  0.0000E+00
  0.5000  -0.109E-02 -0.2961E+01  0.3323E-04  0.1483E+01  0.1711E+00    1.0000  0.0000E+00
  0.5000  -0.135E-02 -0.2868E+01  0.3697E-04  0.1481E+01  0.1705E+00    1.0000  0.3652E-31
  0.5000  -0.168E-02 -0.2775E+01  0.4114E-04  0.1479E+01  0.1699E+00    1.0000  0.3652E-31
  0.5000  -0.208E-02 -0.2683E+01  0.4577E-04  0.1476E+01  0.1692E+00    1.0000  0.3652E-31
  0.5000  -0.257E-02 -0.2590E+01  0.5092E-04  0.1474E+01  0.1685E+00    1.0000  0.3652E-31
  0.5000  -0.318E-02 -0.2497E+01  0.5666E-04  0.1471E+01  0.1676E+00    1.0000  0.3681E-30
  0.5000  -0.394E-02 -0.2405E+01  0.6304E-04  0.1468E+01  0.1666E+00    1.0000  0.1422E-29
  0.5000  -0.487E-02 -0.2312E+01  0.7013E-04  0.1464E+01  0.1656E+00    1.0000  0.3710E-29
  0.5000  -0.603E-02 -0.2219E+01  0.7803E-04  0.1460E+01  0.1644E+00    1.0000  0.7806E-29
  0.5000  -0.747E-02 -0.2127E+01  0.8682E-04  0.1456E+01  0.1630E+00    1.0000  0.2396E-28
  0.5000  -0.925E-02 -0.2034E+01  0.9659E-04  0.1451E+01  0.1615E+00    1.0000  0.7868E-28
  0.5000  -0.114E-01 -0.1941E+01  0.1075E-03  0.1445E+01  0.1599E+00    1.0000  0.2415E-27
  0.5000  -0.142E-01 -0.1849E+01  0.1196E-03  0.1439E+01  0.1580E+00    1.0000  0.6684E-27
  0.5000  -0.175E-01 -0.1756E+01  0.1330E-03  0.1432E+01  0.1560E+00    1.0000  0.1901E-26
  0.5000  -0.217E-01 -0.1663E+01  0.1480E-03  0.1425E+01  0.1537E+00    1.0000  0.5626E-26
  0.5000  -0.269E-01 -0.1571E+01  0.1647E-03  0.1416E+01  0.1511E+00    1.0000  0.1682E-25
  0.5000  -0.333E-01 -0.1478E+01  0.1832E-03  0.1407E+01  0.1483E+00    1.0000  0.4687E-25
  0.5000  -0.412E-01 -0.1385E+01  0.2038E-03  0.1397E+01  0.1451E+00    1.0000  0.1379E-24
  0.5000  -0.510E-01 -0.1292E+01  0.2268E-03  0.1385E+01  0.1415E+00    1.0000  0.3961E-24
  0.5000  -0.631E-01 -0.1200E+01  0.2523E-03  0.1373E+01  0.1376E+00    1.0000  0.1159E-23
  0.5000  -0.781E-01 -0.1107E+01  0.2807E-03  0.1359E+01  0.1331E+00    1.0000  0.3360E-23
  0.5000  -0.967E-01 -0.1014E+01  0.3123E-03  0.1343E+01  0.1281E+00    0.9999  0.9823E-23
  0.5000  -0.120E+00 -0.9217E+00  0.3475E-03  0.1326E+01  0.1226E+00    0.9999  0.2855E-22
  0.5000  -0.148E+00 -0.8290E+00  0.3865E-03  0.1307E+01  0.1163E+00    0.9999  0.8293E-22
  0.5000  -0.184E+00 -0.7364E+00  0.4300E-03  0.1286E+01  0.1093E+00    0.9999  0.2412E-21
  0.4999  -0.227E+00 -0.6437E+00  0.4783E-03  0.1263E+01  0.1015E+00    0.9998  0.7008E-21
  0.4999  -0.281E+00 -0.5510E+00  0.5320E-03  0.1238E+01  0.9266E-01    0.9997  0.2036E-20
  0.4999  -0.348E+00 -0.4583E+00  0.5917E-03  0.1210E+01  0.8274E-01    0.9996  0.5912E-20
  0.4998  -0.431E+00 -0.3656E+00  0.6580E-03  0.1179E+01  0.7157E-01    0.9995  0.1717E-19
  0.4998  -0.533E+00 -0.2729E+00  0.7316E-03  0.1145E+01  0.5898E-01    0.9993  0.4984E-19
  0.4997  -0.660E+00 -0.1802E+00  0.8131E-03  0.1109E+01  0.4475E-01    0.9991  0.1447E-18
  0.4995  -0.817E+00 -0.8755E-01  0.9034E-03  0.1068E+01  0.2865E-01    0.9987  0.4196E-18
  0.4993  -0.101E+01  0.5141E-02  0.1003E-02  0.1024E+01  0.1040E-01    0.9983  0.1216E-17
  0.4991  -0.125E+01  0.9783E-01  0.1113E-02  0.9765E+00 -0.1034E-01    0.9976  0.3519E-17
  0.4987  -0.155E+01  0.1905E+00  0.1234E-02  0.9248E+00 -0.3396E-01    0.9967  0.1017E-16
  0.4983  -0.192E+01  0.2832E+00  0.1366E-02  0.8691E+00 -0.6093E-01    0.9955  0.2931E-16
  0.4976  -0.238E+01  0.3759E+00  0.1510E-02  0.8094E+00 -0.9181E-01    0.9938  0.8425E-16
  0.4967  -0.294E+01  0.4686E+00  0.1665E-02  0.7460E+00 -0.1273E+00    0.9915  0.2411E-15
  0.4955  -0.364E+01  0.5613E+00  0.1829E-02  0.6790E+00 -0.1681E+00    0.9884  0.6863E-15
  0.4938  -0.451E+01  0.6540E+00  0.2000E-02  0.6091E+00 -0.2153E+00    0.9841  0.1938E-14
  0.4916  -0.558E+01  0.7466E+00  0.2174E-02  0.5371E+00 -0.2700E+00    0.9784  0.5417E-14
  0.4886  -0.691E+01  0.8393E+00  0.2343E-02  0.4641E+00 -0.3334E+00    0.9707  0.1493E-13
  0.4846  -0.855E+01  0.9320E+00  0.2499E-02  0.3917E+00 -0.4071E+00    0.9605  0.4042E-13
  0.4794  -0.106E+02  0.1025E+01  0.2629E-02  0.3215E+00 -0.4928E+00    0.9471  0.1068E-12
  0.4726  -0.131E+02  0.1117E+01  0.2717E-02  0.2557E+00 -0.5923E+00    0.9298  0.2740E-12
  0.4641  -0.162E+02  0.1210E+01  0.2748E-02  0.1962E+00 -0.7073E+00    0.9079  0.6765E-12
  0.4535  -0.201E+02  0.1303E+01  0.2710E-02  0.1447E+00 -0.8396E+00    0.8809  0.1596E-11
  0.4408  -0.249E+02  0.1395E+01  0.2594E-02  0.1022E+00 -0.9905E+00    0.8484  0.3567E-11
  0.4260  -0.308E+02  0.1488E+01  0.2404E-02  0.6910E-01 -0.1161E+01    0.8105  0.7503E-11
  0.4094  -0.381E+02  0.1581E+01  0.2154E-02  0.4468E-01 -0.1350E+01    0.7678  0.1478E-10
  0.3912  -0.472E+02  0.1674E+01  0.1865E-02  0.2769E-01 -0.1558E+01    0.7212  0.2718E-10
  0.3720  -0.584E+02  0.1766E+01  0.1565E-02  0.1651E-01 -0.1782E+01    0.6721  0.4669E-10
  0.3524  -0.723E+02  0.1859E+01  0.1276E-02  0.9511E-02 -0.2022E+01    0.6218  0.7511E-10
  0.3328  -0.895E+02  0.1952E+01  0.1014E-02  0.5322E-02 -0.2274E+01    0.5717  0.1137E-09
  0.3138  -0.111E+03  0.2044E+01  0.7900E-03  0.2908E-02 -0.2536E+01    0.5229  0.1629E-09
  0.2956  -0.137E+03  0.2137E+01  0.6049E-03  0.1559E-02 -0.2807E+01    0.4763  0.2223E-09
  0.2784  -0.170E+03  0.2230E+01  0.4572E-03  0.8232E-03 -0.3085E+01    0.4324  0.2907E-09
  0.2625  -0.210E+03  0.2322E+01  0.3420E-03  0.4298E-03 -0.3367E+01    0.3916  0.3664E-09
  0.2478  -0.260E+03  0.2415E+01  0.2539E-03  0.2225E-03 -0.3653E+01    0.3539  0.4477E-09
  0.2343  -0.322E+03  0.2508E+01  0.1873E-03  0.1144E-03 -0.3942E+01    0.3194  0.5324E-09
  0.2220  -0.398E+03  0.2600E+01  0.1377E-03  0.5856E-04 -0.4232E+01    0.2879  0.6190E-09
  0.2108  -0.493E+03  0.2693E+01  0.1008E-03  0.2987E-04 -0.4525E+01    0.2593  0.7056E-09
  0.2007  -0.611E+03  0.2786E+01  0.7367E-04  0.1519E-04 -0.4818E+01    0.2334  0.7911E-09
  0.1916  -0.756E+03  0.2878E+01  0.5374E-04  0.7714E-05 -0.5113E+01    0.2101  0.8744E-09
  0.1834  -0.936E+03  0.2971E+01  0.3915E-04  0.3911E-05 -0.5408E+01    0.1890  0.9546E-09
  0.1760  -0.116E+04  0.3064E+01  0.2850E-04  0.1981E-05 -0.5703E+01    0.1699  0.1031E-08
  0.1693  -0.143E+04  0.3157E+01  0.2073E-04  0.1003E-05 -0.5999E+01    0.1528  0.1104E-08
  0.1632  -0.178E+04  0.3249E+01  0.1507E-04  0.5072E-06 -0.6295E+01    0.1374  0.1172E-08
  0.1578  -0.220E+04  0.3342E+01  0.1095E-04  0.2565E-06 -0.6591E+01    0.1235  0.1235E-08
  0.1530  -0.272E+04  0.3435E+01  0.7957E-05  0.1296E-06 -0.6887E+01    0.1110  0.1294E-08
  0.1486  -0.337E+04  0.3527E+01  0.5780E-05  0.6552E-07 -0.7184E+01    0.0998  0.1349E-08
  0.1446  -0.417E+04  0.3620E+01  0.4198E-05  0.3311E-07 -0.7480E+01    0.0897  0.1399E-08
  0.1411  -0.516E+04  0.3713E+01  0.3049E-05  0.1673E-07 -0.7777E+01    0.0806  0.1445E-08
  0.1379  -0.639E+04  0.3805E+01  0.2214E-05  0.8452E-08 -0.8073E+01    0.0725  0.1487E-08
  0.1350  -0.791E+04  0.3898E+01  0.1608E-05  0.4270E-08 -0.8370E+01    0.0652  0.1525E-08
  0.1325  -0.979E+04  0.3991E+01  0.1167E-05  0.2157E-08 -0.8666E+01    0.0586  0.1559E-08
  0.1302  -0.121E+05  0.4083E+01  0.8477E-06  0.1090E-08 -0.8963E+01    0.0526  0.1589E-08
  0.1281  -0.150E+05  0.4176E+01  0.6155E-06  0.5505E-09 -0.9259E+01    0.0473  0.1616E-08
end
 
  0.5000  -0.100E-04 -0.5000E+01  0.9887E-03  0.9392E+00 -0.2725E-01    1.0000  0.0000E+00
  0.5000  -0.124E-04 -0.4907E+01  0.1048E-02  0.9356E+00 -0.2892E-01    1.0000  0.0000E+00
  0.5000  -0.153E-04 -0.4815E+01  0.1111E-02  0.9318E+00 -0.3069E-01    1.0000  0.0000E+00
  0.5000  -0.190E-04 -0.4722E+01  0.1178E-02  0.9277E+00 -0.3257E-01    1.0000  0.0000E+00
  0.5000  -0.235E-04 -0.4629E+01  0.1249E-02  0.9235E+00 -0.3457E-01    1.0000  0.0000E+00
  0.5000  -0.291E-04 -0.4537E+01  0.1324E-02  0.9190E+00 -0.3669E-01    1.0000  0.3652E-31
  0.5000  -0.360E-04 -0.4444E+01  0.1403E-02  0.9142E+00 -0.3895E-01    1.0000  0.3652E-31
  0.5000  -0.445E-04 -0.4351E+01  0.1487E-02  0.9092E+00 -0.4135E-01    1.0000  0.3652E-31
  0.5000  -0.551E-04 -0.4258E+01  0.1577E-02  0.9039E+00 -0.4390E-01    1.0000  0.3652E-31
  0.5000  -0.683E-04 -0.4166E+01  0.1671E-02  0.8982E+00 -0.4661E-01    1.0000  0.3681E-30
  0.5000  -0.845E-04 -0.4073E+01  0.1772E-02  0.8923E+00 -0.4949E-01    1.0000  0.3681E-30
  0.5000  -0.105E-03 -0.3980E+01  0.1878E-02  0.8860E+00 -0.5256E-01    1.0000  0.1422E-29
  0.5000  -0.129E-03 -0.3888E+01  0.1991E-02  0.8794E+00 -0.5582E-01    1.0000  0.1422E-29
  0.5000  -0.160E-03 -0.3795E+01  0.2110E-02  0.8724E+00 -0.5929E-01    1.0000  0.3710E-29
  0.5000  -0.198E-03 -0.3702E+01  0.2237E-02  0.8650E+00 -0.6299E-01    1.0000  0.1433E-28
  0.5000  -0.246E-03 -0.3610E+01  0.2372E-02  0.8572E+00 -0.6693E-01    1.0000  0.3740E-28
  0.5000  -0.304E-03 -0.3517E+01  0.2514E-02  0.8490E+00 -0.7112E-01    1.0000  0.7868E-28
  0.5000  -0.376E-03 -0.3424E+01  0.2665E-02  0.8403E+00 -0.7558E-01    1.0000  0.1887E-27
  0.5000  -0.466E-03 -0.3332E+01  0.2825E-02  0.8311E+00 -0.8034E-01    1.0000  0.4613E-27
  0.5000  -0.577E-03 -0.3239E+01  0.2995E-02  0.8215E+00 -0.8542E-01    1.0000  0.1264E-26
  0.5000  -0.714E-03 -0.3146E+01  0.3175E-02  0.8113E+00 -0.9083E-01    1.0000  0.3064E-26
  0.5000  -0.884E-03 -0.3054E+01  0.3365E-02  0.8006E+00 -0.9660E-01    1.0000  0.7346E-26
  0.5000  -0.109E-02 -0.2961E+01  0.3567E-02  0.7893E+00 -0.1028E+00    1.0000  0.1796E-25
  0.5000  -0.135E-02 -0.2868E+01  0.3782E-02  0.7774E+00 -0.1093E+00    1.0000  0.4461E-25
  0.5000  -0.168E-02 -0.2775E+01  0.4009E-02  0.7649E+00 -0.1164E+00    1.0000  0.1149E-24
  0.5000  -0.208E-02 -0.2683E+01  0.4249E-02  0.7518E+00 -0.1239E+00    1.0000  0.2780E-24
  0.5000  -0.257E-02 -0.2590E+01  0.4504E-02  0.7380E+00 -0.1319E+00    1.0000  0.6996E-24
  0.5000  -0.318E-02 -0.2497E+01  0.4775E-02  0.7236E+00 -0.1405E+00    1.0000  0.1709E-23
  0.5000  -0.394E-02 -0.2405E+01  0.5061E-02  0.7084E+00 -0.1497E+00    1.0000  0.4229E-23
  0.5000  -0.487E-02 -0.2312E+01  0.5365E-02  0.6924E+00 -0.1596E+00    0.9999  0.1047E-22
  0.5000  -0.603E-02 -0.2219E+01  0.5687E-02  0.6758E+00 -0.1702E+00    0.9999  0.2588E-22
  0.5000  -0.747E-02 -0.2127E+01  0.6027E-02  0.6583E+00 -0.1816E+00    0.9999  0.6416E-22
  0.5000  -0.925E-02 -0.2034E+01  0.6388E-02  0.6400E+00 -0.1938E+00    0.9999  0.1585E-21
  0.5000  -0.114E-01 -0.1941E+01  0.6771E-02  0.6210E+00 -0.2069E+00    0.9998  0.3920E-21
  0.4999  -0.142E-01 -0.1849E+01  0.7175E-02  0.6010E+00 -0.2211E+00    0.9998  0.9699E-21
  0.4999  -0.175E-01 -0.1756E+01  0.7604E-02  0.5803E+00 -0.2363E+00    0.9997  0.2399E-20
  0.4999  -0.217E-01 -0.1663E+01  0.8057E-02  0.5587E+00 -0.2528E+00    0.9996  0.5929E-20
  0.4998  -0.269E-01 -0.1571E+01  0.8535E-02  0.5363E+00 -0.2706E+00    0.9995  0.1465E-19
  0.4998  -0.333E-01 -0.1478E+01  0.9040E-02  0.5130E+00 -0.2899E+00    0.9994  0.3620E-19
  0.4997  -0.412E-01 -0.1385E+01  0.9573E-02  0.4889E+00 -0.3108E+00    0.9992  0.8939E-19
  0.4996  -0.510E-01 -0.1292E+01  0.1013E-01  0.4640E+00 -0.3334E+00    0.9990  0.2207E-18
  0.4995  -0.631E-01 -0.1200E+01  0.1072E-01  0.4384E+00 -0.3581E+00    0.9986  0.5443E-18
  0.4993  -0.781E-01 -0.1107E+01  0.1134E-01  0.4121E+00 -0.3850E+00    0.9982  0.1341E-17
  0.4991  -0.967E-01 -0.1014E+01  0.1198E-01  0.3851E+00 -0.4145E+00    0.9977  0.3300E-17
  0.4988  -0.120E+00 -0.9217E+00  0.1265E-01  0.3575E+00 -0.4467E+00    0.9969  0.8109E-17
  0.4984  -0.148E+00 -0.8290E+00  0.1334E-01  0.3296E+00 -0.4820E+00    0.9960  0.1988E-16
  0.4980  -0.184E+00 -0.7364E+00  0.1404E-01  0.3013E+00 -0.5210E+00    0.9947  0.4861E-16
  0.4973  -0.227E+00 -0.6437E+00  0.1475E-01  0.2730E+00 -0.5639E+00    0.9931  0.1184E-15
  0.4965  -0.281E+00 -0.5510E+00  0.1545E-01  0.2447E+00 -0.6114E+00    0.9910  0.2872E-15
  0.4955  -0.348E+00 -0.4583E+00  0.1612E-01  0.2167E+00 -0.6641E+00    0.9883  0.6923E-15
  0.4941  -0.431E+00 -0.3656E+00  0.1675E-01  0.1894E+00 -0.7227E+00    0.9848  0.1656E-14
  0.4923  -0.533E+00 -0.2729E+00  0.1731E-01  0.1629E+00 -0.7880E+00    0.9804  0.3923E-14
  0.4901  -0.660E+00 -0.1802E+00  0.1775E-01  0.1378E+00 -0.8608E+00    0.9746  0.9179E-14
  0.4873  -0.817E+00 -0.8755E-01  0.1804E-01  0.1142E+00 -0.9422E+00    0.9674  0.2114E-13
  0.4838  -0.101E+01  0.5141E-02  0.1814E-01  0.9266E-01 -0.1033E+01    0.9584  0.4779E-13
  0.4794  -0.125E+01  0.9783E-01  0.1799E-01  0.7336E-01 -0.1135E+01    0.9473  0.1055E-12
  0.4741  -0.155E+01  0.1905E+00  0.1758E-01  0.5657E-01 -0.1247E+01    0.9337  0.2266E-12
  0.4678  -0.192E+01  0.2832E+00  0.1687E-01  0.4240E-01 -0.1373E+01    0.9174  0.4712E-12
  0.4603  -0.238E+01  0.3759E+00  0.1587E-01  0.3086E-01 -0.1511E+01    0.8982  0.9442E-12
  0.4517  -0.294E+01  0.4686E+00  0.1461E-01  0.2178E-01 -0.1662E+01    0.8761  0.1816E-11
  0.4420  -0.364E+01  0.5613E+00  0.1316E-01  0.1492E-01 -0.1826E+01    0.8513  0.3343E-11
  0.4313  -0.451E+01  0.6540E+00  0.1159E-01  0.9927E-02 -0.2003E+01    0.8238  0.5876E-11
  0.4197  -0.558E+01  0.7466E+00  0.9990E-02  0.6428E-02 -0.2192E+01    0.7943  0.9856E-11
  0.4075  -0.691E+01  0.8393E+00  0.8439E-02  0.4060E-02 -0.2391E+01    0.7630  0.1579E-10
  0.3949  -0.855E+01  0.9320E+00  0.7001E-02  0.2509E-02 -0.2600E+01    0.7307  0.2419E-10
  0.3821  -0.106E+02  0.1025E+01  0.5716E-02  0.1522E-02 -0.2818E+01    0.6977  0.3554E-10
  0.3691  -0.131E+02  0.1117E+01  0.4603E-02  0.9082E-03 -0.3042E+01    0.6647  0.5023E-10
  0.3564  -0.162E+02  0.1210E+01  0.3665E-02  0.5350E-03 -0.3272E+01    0.6319  0.6855E-10
  0.3438  -0.201E+02  0.1303E+01  0.2891E-02  0.3119E-03 -0.3506E+01    0.5997  0.9062E-10
  0.3316  -0.249E+02  0.1395E+01  0.2263E-02  0.1802E-03 -0.3744E+01    0.5684  0.1164E-09
  0.3198  -0.308E+02  0.1488E+01  0.1761E-02  0.1035E-03 -0.3985E+01    0.5382  0.1459E-09
  0.3085  -0.381E+02  0.1581E+01  0.1364E-02  0.5907E-04 -0.4229E+01    0.5092  0.1788E-09
  0.2976  -0.472E+02  0.1674E+01  0.1053E-02  0.3359E-04 -0.4474E+01    0.4814  0.2148E-09
  0.2873  -0.584E+02  0.1766E+01  0.8100E-03  0.1904E-04 -0.4720E+01    0.4549  0.2537E-09
  0.2775  -0.723E+02  0.1859E+01  0.6218E-03  0.1076E-04 -0.4968E+01    0.4297  0.2949E-09
  0.2681  -0.895E+02  0.1952E+01  0.4765E-03  0.6073E-05 -0.5217E+01    0.4057  0.3382E-09
  0.2593  -0.111E+03  0.2044E+01  0.3647E-03  0.3422E-05 -0.5466E+01    0.3830  0.3832E-09
  0.2509  -0.137E+03  0.2137E+01  0.2789E-03  0.1926E-05 -0.5715E+01    0.3616  0.4296E-09
  0.2429  -0.170E+03  0.2230E+01  0.2130E-03  0.1083E-05 -0.5965E+01    0.3412  0.4769E-09
  0.2354  -0.210E+03  0.2322E+01  0.1627E-03  0.6085E-06 -0.6216E+01    0.3220  0.5249E-09
  0.2283  -0.260E+03  0.2415E+01  0.1241E-03  0.3418E-06 -0.6466E+01    0.3038  0.5732E-09
  0.2216  -0.322E+03  0.2508E+01  0.9470E-04  0.1919E-06 -0.6717E+01    0.2867  0.6216E-09
  0.2153  -0.398E+03  0.2600E+01  0.7223E-04  0.1077E-06 -0.6968E+01    0.2705  0.6699E-09
  0.2094  -0.493E+03  0.2693E+01  0.5508E-04  0.6044E-07 -0.7219E+01    0.2552  0.7179E-09
  0.2037  -0.611E+03  0.2786E+01  0.4199E-04  0.3391E-07 -0.7470E+01    0.2407  0.7652E-09
  0.1984  -0.756E+03  0.2878E+01  0.3201E-04  0.1902E-07 -0.7721E+01    0.2271  0.8119E-09
  0.1934  -0.936E+03  0.2971E+01  0.2440E-04  0.1067E-07 -0.7972E+01    0.2143  0.8577E-09
  0.1887  -0.116E+04  0.3064E+01  0.1860E-04  0.5984E-08 -0.8223E+01    0.2021  0.9025E-09
  0.1842  -0.143E+04  0.3157E+01  0.1418E-04  0.3356E-08 -0.8474E+01    0.1907  0.9462E-09
  0.1800  -0.178E+04  0.3249E+01  0.1080E-04  0.1882E-08 -0.8725E+01    0.1799  0.9887E-09
  0.1760  -0.220E+04  0.3342E+01  0.8234E-05  0.1056E-08 -0.8976E+01    0.1697  0.1030E-08
  0.1722  -0.272E+04  0.3435E+01  0.6275E-05  0.5920E-09 -0.9228E+01    0.1601  0.1070E-08
  0.1687  -0.337E+04  0.3527E+01  0.4782E-05  0.3320E-09 -0.9479E+01    0.1510  0.1108E-08
  0.1654  -0.417E+04  0.3620E+01  0.3644E-05  0.1862E-09 -0.9730E+01    0.1425  0.1145E-08
  0.1622  -0.516E+04  0.3713E+01  0.2777E-05  0.1044E-09 -0.9981E+01    0.1344  0.1181E-08
  0.1592  -0.639E+04  0.3805E+01  0.2117E-05  0.5854E-10 -0.1023E+02    0.1268  0.1215E-08
  0.1564  -0.791E+04  0.3898E+01  0.1613E-05  0.3283E-10 -0.1048E+02    0.1196  0.1247E-08
  0.1538  -0.979E+04  0.3991E+01  0.1229E-05  0.1841E-10 -0.1074E+02    0.1128  0.1277E-08
  0.1513  -0.121E+05  0.4083E+01  0.9367E-06  0.1032E-10 -0.1099E+02    0.1064  0.1306E-08
  0.1490  -0.150E+05  0.4176E+01  0.7138E-06  0.5788E-11 -0.1124E+02    0.1004  0.1333E-08
end
 
  0.5029  -0.100E-04 -0.5000E+01  0.1970E-05  0.5635E+01  0.7509E+00    1.0000  0.0000E+00
  0.5029  -0.124E-04 -0.4907E+01  0.2243E-05  0.5635E+01  0.7509E+00    1.0000  0.0000E+00
  0.5029  -0.153E-04 -0.4815E+01  0.2553E-05  0.5634E+01  0.7508E+00    1.0000  0.0000E+00
  0.5029  -0.190E-04 -0.4722E+01  0.2907E-05  0.5634E+01  0.7508E+00    1.0000  0.0000E+00
  0.5029  -0.235E-04 -0.4629E+01  0.3309E-05  0.5634E+01  0.7508E+00    1.0000  0.0000E+00
  0.5029  -0.291E-04 -0.4537E+01  0.3767E-05  0.5633E+01  0.7508E+00    1.0000  0.0000E+00
  0.5029  -0.360E-04 -0.4444E+01  0.4289E-05  0.5633E+01  0.7507E+00    1.0000  0.0000E+00
  0.5029  -0.445E-04 -0.4351E+01  0.4883E-05  0.5632E+01  0.7507E+00    1.0000  0.0000E+00
  0.5029  -0.551E-04 -0.4258E+01  0.5559E-05  0.5632E+01  0.7506E+00    1.0000  0.0000E+00
  0.5029  -0.683E-04 -0.4166E+01  0.6328E-05  0.5631E+01  0.7506E+00    1.0000  0.0000E+00
  0.5029  -0.845E-04 -0.4073E+01  0.7204E-05  0.5630E+01  0.7505E+00    1.0000  0.0000E+00
  0.5029  -0.105E-03 -0.3980E+01  0.8202E-05  0.5629E+01  0.7504E+00    1.0000  0.0000E+00
  0.5029  -0.129E-03 -0.3888E+01  0.9337E-05  0.5628E+01  0.7504E+00    1.0000  0.0000E+00
  0.5029  -0.160E-03 -0.3795E+01  0.1063E-04  0.5627E+01  0.7503E+00    1.0000  0.0000E+00
  0.5029  -0.198E-03 -0.3702E+01  0.1210E-04  0.5626E+01  0.7502E+00    1.0000  0.0000E+00
  0.5029  -0.246E-03 -0.3610E+01  0.1378E-04  0.5624E+01  0.7501E+00    1.0000  0.0000E+00
  0.5029  -0.304E-03 -0.3517E+01  0.1568E-04  0.5622E+01  0.7499E+00    1.0000  0.0000E+00
  0.5029  -0.376E-03 -0.3424E+01  0.1786E-04  0.5620E+01  0.7498E+00    1.0000  0.0000E+00
  0.5029  -0.466E-03 -0.3332E+01  0.2033E-04  0.5618E+01  0.7496E+00    1.0000  0.0000E+00
  0.5029  -0.577E-03 -0.3239E+01  0.2314E-04  0.5616E+01  0.7494E+00    1.0000  0.0000E+00
  0.5029  -0.714E-03 -0.3146E+01  0.2635E-04  0.5613E+01  0.7492E+00    1.0000  0.0000E+00
  0.5029  -0.884E-03 -0.3054E+01  0.2999E-04  0.5609E+01  0.7489E+00    1.0000  0.0000E+00
  0.5029  -0.109E-02 -0.2961E+01  0.3415E-04  0.5606E+01  0.7486E+00    1.0000  0.0000E+00
  0.5029  -0.135E-02 -0.2868E+01  0.3887E-04  0.5601E+01  0.7483E+00    1.0000  0.3609E-31
  0.5029  -0.168E-02 -0.2775E+01  0.4425E-04  0.5597E+01  0.7479E+00    1.0000  0.3609E-31
  0.5029  -0.208E-02 -0.2683E+01  0.5038E-04  0.5591E+01  0.7475E+00    1.0000  0.3609E-31
  0.5029  -0.257E-02 -0.2590E+01  0.5736E-04  0.5585E+01  0.7470E+00    1.0000  0.3638E-30
  0.5029  -0.318E-02 -0.2497E+01  0.6530E-04  0.5578E+01  0.7464E+00    1.0000  0.3638E-30
  0.5029  -0.394E-02 -0.2405E+01  0.7434E-04  0.5569E+01  0.7458E+00    1.0000  0.1406E-29
  0.5029  -0.487E-02 -0.2312E+01  0.8463E-04  0.5560E+01  0.7451E+00    1.0000  0.3667E-29
  0.5029  -0.603E-02 -0.2219E+01  0.9635E-04  0.5550E+01  0.7443E+00    1.0000  0.1417E-28
  0.5029  -0.747E-02 -0.2127E+01  0.1097E-03  0.5538E+01  0.7433E+00    1.0000  0.5473E-28
  0.5029  -0.925E-02 -0.2034E+01  0.1249E-03  0.5524E+01  0.7423E+00    1.0000  0.1428E-27
  0.5029  -0.114E-01 -0.1941E+01  0.1422E-03  0.5509E+01  0.7410E+00    1.0000  0.4560E-27
  0.5029  -0.142E-01 -0.1849E+01  0.1618E-03  0.5491E+01  0.7396E+00    1.0000  0.1439E-26
  0.5029  -0.175E-01 -0.1756E+01  0.1842E-03  0.5471E+01  0.7381E+00    1.0000  0.4596E-26
  0.5029  -0.217E-01 -0.1663E+01  0.2097E-03  0.5448E+01  0.7363E+00    1.0000  0.1451E-25
  0.5029  -0.269E-01 -0.1571E+01  0.2388E-03  0.5422E+01  0.7342E+00    1.0000  0.4409E-25
  0.5029  -0.333E-01 -0.1478E+01  0.2718E-03  0.5393E+01  0.7318E+00    1.0000  0.1363E-24
  0.5029  -0.412E-01 -0.1385E+01  0.3095E-03  0.5360E+01  0.7291E+00    1.0000  0.4335E-24
  0.5029  -0.510E-01 -0.1292E+01  0.3523E-03  0.5322E+01  0.7261E+00    1.0000  0.1350E-23
  0.5029  -0.631E-01 -0.1200E+01  0.4010E-03  0.5279E+01  0.7226E+00    1.0000  0.4260E-23
  0.5029  -0.781E-01 -0.1107E+01  0.4565E-03  0.5230E+01  0.7185E+00    0.9999  0.1336E-22
  0.5029  -0.967E-01 -0.1014E+01  0.5197E-03  0.5175E+01  0.7139E+00    0.9999  0.4213E-22
  0.5029  -0.120E+00 -0.9217E+00  0.5916E-03  0.5113E+01  0.7087E+00    0.9999  0.1317E-21
  0.5029  -0.148E+00 -0.8290E+00  0.6733E-03  0.5043E+01  0.7026E+00    0.9998  0.4140E-21
  0.5029  -0.184E+00 -0.7364E+00  0.7664E-03  0.4963E+01  0.6957E+00    0.9998  0.1298E-20
  0.5028  -0.227E+00 -0.6437E+00  0.8722E-03  0.4873E+01  0.6878E+00    0.9997  0.4074E-20
  0.5028  -0.281E+00 -0.5510E+00  0.9924E-03  0.4771E+01  0.6786E+00    0.9995  0.1277E-19
  0.5027  -0.348E+00 -0.4583E+00  0.1129E-02  0.4657E+01  0.6681E+00    0.9993  0.4004E-19
  0.5026  -0.431E+00 -0.3656E+00  0.1284E-02  0.4529E+01  0.6560E+00    0.9991  0.1254E-18
  0.5025  -0.533E+00 -0.2729E+00  0.1460E-02  0.4385E+01  0.6419E+00    0.9987  0.3926E-18
  0.5023  -0.660E+00 -0.1802E+00  0.1659E-02  0.4224E+01  0.6257E+00    0.9981  0.1228E-17
  0.5020  -0.817E+00 -0.8755E-01  0.1883E-02  0.4044E+01  0.6068E+00    0.9974  0.3836E-17
  0.5016  -0.101E+01  0.5141E-02  0.2135E-02  0.3845E+01  0.5849E+00    0.9963  0.1196E-16
  0.5010  -0.125E+01  0.9783E-01  0.2418E-02  0.3625E+01  0.5593E+00    0.9948  0.3720E-16
  0.5003  -0.155E+01  0.1905E+00  0.2732E-02  0.3383E+01  0.5293E+00    0.9928  0.1152E-15
  0.4992  -0.192E+01  0.2832E+00  0.3077E-02  0.3120E+01  0.4941E+00    0.9899  0.3552E-15
  0.4977  -0.238E+01  0.3759E+00  0.3451E-02  0.2835E+01  0.4526E+00    0.9858  0.1087E-14
  0.4956  -0.294E+01  0.4686E+00  0.3848E-02  0.2533E+01  0.4036E+00    0.9802  0.3295E-14
  0.4928  -0.364E+01  0.5613E+00  0.4257E-02  0.2216E+01  0.3455E+00    0.9725  0.9855E-14
  0.4889  -0.451E+01  0.6540E+00  0.4658E-02  0.1891E+01  0.2766E+00    0.9620  0.2894E-13
  0.4837  -0.558E+01  0.7466E+00  0.5025E-02  0.1566E+01  0.1947E+00    0.9479  0.8292E-13
  0.4768  -0.691E+01  0.8393E+00  0.5321E-02  0.1252E+01  0.9750E-01    0.9293  0.2301E-12
  0.4679  -0.855E+01  0.9320E+00  0.5503E-02  0.9607E+00 -0.1740E-01    0.9051  0.6130E-12
  0.4567  -0.106E+02  0.1025E+01  0.5529E-02  0.7041E+00 -0.1524E+00    0.8747  0.1552E-11
  0.4429  -0.131E+02  0.1117E+01  0.5371E-02  0.4904E+00 -0.3094E+00    0.8374  0.3696E-11
  0.4267  -0.162E+02  0.1210E+01  0.5023E-02  0.3238E+00 -0.4898E+00    0.7934  0.8205E-11
  0.4083  -0.201E+02  0.1303E+01  0.4513E-02  0.2025E+00 -0.6936E+00    0.7435  0.1687E-10
  0.3882  -0.249E+02  0.1395E+01  0.3896E-02  0.1202E+00 -0.9201E+00    0.6892  0.3202E-10
  0.3672  -0.308E+02  0.1488E+01  0.3238E-02  0.6802E-01 -0.1167E+01    0.6322  0.5611E-10
  0.3459  -0.381E+02  0.1581E+01  0.2602E-02  0.3692E-01 -0.1433E+01    0.5746  0.9114E-10
  0.3251  -0.472E+02  0.1674E+01  0.2032E-02  0.1935E-01 -0.1713E+01    0.5182  0.1381E-09
  0.3052  -0.584E+02  0.1766E+01  0.1549E-02  0.9863E-02 -0.2006E+01    0.4642  0.1967E-09
  0.2866  -0.723E+02  0.1859E+01  0.1160E-02  0.4917E-02 -0.2308E+01    0.4138  0.2654E-09
  0.2694  -0.895E+02  0.1952E+01  0.8561E-03  0.2411E-02 -0.2618E+01    0.3674  0.3421E-09
  0.2539  -0.111E+03  0.2044E+01  0.6251E-03  0.1167E-02 -0.2933E+01    0.3253  0.4241E-09
  0.2399  -0.137E+03  0.2137E+01  0.4528E-03  0.5601E-03 -0.3252E+01    0.2874  0.5089E-09
  0.2274  -0.170E+03  0.2230E+01  0.3261E-03  0.2669E-03 -0.3574E+01    0.2534  0.5942E-09
  0.2162  -0.210E+03  0.2322E+01  0.2339E-03  0.1266E-03 -0.3898E+01    0.2233  0.6781E-09
  0.2064  -0.260E+03  0.2415E+01  0.1672E-03  0.5980E-04 -0.4223E+01    0.1965  0.7591E-09
  0.1976  -0.322E+03  0.2508E+01  0.1193E-03  0.2819E-04 -0.4550E+01    0.1729  0.8361E-09
  0.1899  -0.398E+03  0.2600E+01  0.8498E-04  0.1326E-04 -0.4877E+01    0.1520  0.9084E-09
  0.1831  -0.493E+03  0.2693E+01  0.6046E-04  0.6232E-05 -0.5205E+01    0.1336  0.9757E-09
  0.1772  -0.611E+03  0.2786E+01  0.4299E-04  0.2926E-05 -0.5534E+01    0.1174  0.1038E-08
  0.1719  -0.756E+03  0.2878E+01  0.3054E-04  0.1373E-05 -0.5862E+01    0.1032  0.1095E-08
  0.1673  -0.936E+03  0.2971E+01  0.2170E-04  0.6437E-06 -0.6191E+01    0.0907  0.1146E-08
  0.1632  -0.116E+04  0.3064E+01  0.1541E-04  0.3017E-06 -0.6520E+01    0.0797  0.1193E-08
  0.1596  -0.143E+04  0.3157E+01  0.1094E-04  0.1414E-06 -0.6849E+01    0.0700  0.1235E-08
  0.1565  -0.178E+04  0.3249E+01  0.7763E-05  0.6627E-07 -0.7179E+01    0.0615  0.1273E-08
  0.1537  -0.220E+04  0.3342E+01  0.5510E-05  0.3105E-07 -0.7508E+01    0.0540  0.1306E-08
  0.1513  -0.272E+04  0.3435E+01  0.3910E-05  0.1455E-07 -0.7837E+01    0.0474  0.1336E-08
  0.1492  -0.337E+04  0.3527E+01  0.2775E-05  0.6815E-08 -0.8167E+01    0.0417  0.1363E-08
  0.1473  -0.417E+04  0.3620E+01  0.1969E-05  0.3193E-08 -0.8496E+01    0.0366  0.1386E-08
  0.1457  -0.516E+04  0.3713E+01  0.1397E-05  0.1496E-08 -0.8825E+01    0.0322  0.1407E-08
  0.1442  -0.639E+04  0.3805E+01  0.9917E-06  0.7006E-09 -0.9155E+01    0.0282  0.1424E-08
  0.1430  -0.791E+04  0.3898E+01  0.7037E-06  0.3282E-09 -0.9484E+01    0.0248  0.1440E-08
  0.1418  -0.979E+04  0.3991E+01  0.4993E-06  0.1537E-09 -0.9813E+01    0.0218  0.1453E-08
  0.1409  -0.121E+05  0.4083E+01  0.3543E-06  0.7201E-10 -0.1014E+02    0.0191  0.1463E-08
  0.1400  -0.150E+05  0.4176E+01  0.2514E-06  0.3373E-10 -0.1047E+02    0.0168  0.1472E-08
end
