 ******* Program HYDRUS
 ******* 
 infiltration of water to soil                                           
 Date:  27. 4.    Time:  20:41:50
 Units: L = cm   , T = hours, M = mmol 


 Time:        0.0000


 Node      Depth      Head Moisture       K          C         Flux        Sink         Kappa   v/KsTop   Temp
           [L]        [L]    [-]        [L/T]      [1/L]      [L/T]        [1/T]         [-]      [-]      [C]

   1     0.0000       0.444 0.5000   0.1500E+01  0.0000E+00 -0.1500E+01  0.0000E+00      -1  -0.100E+01   20.00
   2    -1.5981       0.444 0.5000   0.1500E+01  0.0000E+00 -0.1500E+01  0.0000E+00      -1  -0.100E+01   20.00
   3    -3.5846       0.444 0.5000   0.1500E+01  0.0000E+00 -0.1500E+01  0.0000E+00      -1  -0.100E+01   20.00
   4    -5.9596       0.444 0.5000   0.1500E+01  0.0000E+00 -0.1500E+01  0.0000E+00      -1  -0.100E+01   20.00
   5    -8.7231       0.444 0.5000   0.1500E+01  0.0000E+00 -0.1500E+01  0.0000E+00      -1  -0.100E+01   20.00
   6   -11.8751       0.444 0.5000   0.1500E+01  0.0000E+00 -0.1500E+01  0.0000E+00      -1  -0.100E+01   20.00
   7   -15.4155       0.444 0.5000   0.1500E+01  0.0000E+00 -0.1500E+01  0.0000E+00      -1  -0.100E+01   20.00
   8   -19.3444       0.444 0.5000   0.1500E+01  0.0000E+00 -0.1500E+01  0.0000E+00      -1  -0.100E+01   20.00
   9   -23.6618       0.444 0.5000   0.1500E+01  0.0000E+00 -0.1500E+01  0.0000E+00      -1  -0.100E+01   20.00
  10   -28.3677       0.444 0.5000   0.1500E+01  0.0000E+00 -0.1500E+01  0.0000E+00      -1  -0.100E+01   20.00
  11   -33.4621       0.444 0.5000   0.1500E+01  0.0000E+00 -0.1500E+01  0.0000E+00      -1  -0.100E+01   20.00
  12   -38.9449       0.444 0.5000   0.1500E+01  0.0000E+00 -0.1381E+01  0.0000E+00      -1  -0.921E+00   20.00
  13   -44.8162       0.347 0.5000   0.1000E+01  0.0000E+00 -0.1131E+01  0.0000E+00      -1  -0.754E+00   20.00
  14   -51.0760       0.347 0.5000   0.1000E+01  0.0000E+00 -0.1000E+01  0.0000E+00      -1  -0.667E+00   20.00
  15   -57.7243       0.347 0.5000   0.1000E+01  0.0000E+00 -0.1000E+01  0.0000E+00      -1  -0.667E+00   20.00
  16   -64.7611       0.347 0.5000   0.1000E+01  0.0000E+00 -0.1000E+01  0.0000E+00      -1  -0.667E+00   20.00
  17   -72.1863       0.347 0.5000   0.1000E+01  0.0000E+00 -0.2225E+01  0.0000E+00      -1  -0.148E+01   20.00
  18   -80.0000       0.181 0.5029   0.5637E+01  0.0000E+00 -0.3998E+01  0.0000E+00      -1  -0.267E+01   20.00
  19   -82.9087       0.181 0.5029   0.5637E+01  0.0000E+00 -0.5637E+01  0.0000E+00      -1  -0.376E+01   20.00
  20   -86.3543       0.181 0.5029   0.5637E+01  0.0000E+00 -0.5637E+01  0.0000E+00      -1  -0.376E+01   20.00
  21   -90.3368       0.181 0.5029   0.5637E+01  0.0000E+00 -0.5637E+01  0.0000E+00      -1  -0.376E+01   20.00
  22   -94.8560       0.181 0.5029   0.5637E+01  0.0000E+00 -0.5637E+01  0.0000E+00      -1  -0.376E+01   20.00
  23   -99.9122       0.181 0.5029   0.5637E+01  0.0000E+00 -0.5637E+01  0.0000E+00      -1  -0.376E+01   20.00
  24  -105.5050       0.181 0.5029   0.5637E+01  0.0000E+00 -0.5637E+01  0.0000E+00      -1  -0.376E+01   20.00
  25  -111.6350       0.181 0.5029   0.5637E+01  0.0000E+00 -0.5637E+01  0.0000E+00      -1  -0.376E+01   20.00
  26  -118.3020       0.181 0.5029   0.5637E+01  0.0000E+00 -0.5637E+01  0.0000E+00      -1  -0.376E+01   20.00
  27  -125.5050       0.181 0.5029   0.5637E+01  0.0000E+00 -0.5637E+01  0.0000E+00      -1  -0.376E+01   20.00
  28  -133.2450       0.181 0.5029   0.5637E+01  0.0000E+00 -0.5637E+01  0.0000E+00      -1  -0.376E+01   20.00
  29  -141.5230       0.181 0.5029   0.5637E+01  0.0000E+00 -0.5637E+01  0.0000E+00      -1  -0.376E+01   20.00
  30  -150.3370       0.181 0.5029   0.5637E+01  0.0000E+00 -0.5637E+01  0.0000E+00      -1  -0.376E+01   20.00
  31  -159.6880       0.181 0.5029   0.5637E+01  0.0000E+00 -0.5637E+01  0.0000E+00      -1  -0.376E+01   20.00
  32  -169.5750       0.181 0.5029   0.5637E+01  0.0000E+00 -0.5637E+01  0.0000E+00      -1  -0.376E+01   20.00
  33  -180.0000       0.181 0.5029   0.5637E+01  0.0000E+00 -0.5637E+01  0.0000E+00      -1  -0.376E+01   20.00
end


 Time:     6000.0000


 Node      Depth      Head Moisture       K          C         Flux        Sink         Kappa   v/KsTop   Temp
           [L]        [L]    [-]        [L/T]      [1/L]      [L/T]        [1/T]         [-]      [-]      [C]

   1     0.0000   -3057.000 0.1507   0.9626E-07  0.6824E-05  0.9587E-01  0.0000E+00      -1   0.639E-01   20.00
   2    -1.5981    -325.018 0.2338   0.1121E-03  0.1853E-03  0.9275E-01  0.0000E+00      -1   0.618E-01   20.00
   3    -3.5846    -132.882 0.2985   0.1773E-02  0.6344E-03  0.8621E-01  0.0000E+00      -1   0.575E-01   20.00
   4    -5.9596     -83.913 0.3391   0.6671E-02  0.1099E-02  0.7946E-01  0.0000E+00      -1   0.530E-01   20.00
   5    -8.7231     -61.546 0.3675   0.1491E-01  0.1499E-02  0.7309E-01  0.0000E+00      -1   0.487E-01   20.00
   6   -11.8751     -47.854 0.3900   0.2700E-01  0.1847E-02  0.6607E-01  0.0000E+00      -1   0.440E-01   20.00
   7   -15.4155     -38.131 0.4093   0.4461E-01  0.2152E-02  0.5798E-01  0.0000E+00      -1   0.387E-01   20.00
   8   -19.3444     -30.524 0.4267   0.7048E-01  0.2412E-02  0.4944E-01  0.0000E+00      -1   0.330E-01   20.00
   9   -23.6618     -24.030 0.4430   0.1096E+00  0.2614E-02  0.4124E-01  0.0000E+00      -1   0.275E-01   20.00
  10   -28.3677     -18.071 0.4590   0.1715E+00  0.2730E-02  0.3369E-01  0.0000E+00      -1   0.225E-01   20.00
  11   -33.4621     -12.289 0.4748   0.2770E+00  0.2688E-02  0.2712E-01  0.0000E+00      -1   0.181E-01   20.00
  12   -38.9449      -6.459 0.4896   0.4887E+00  0.2286E-02  0.2193E-01  0.0000E+00      -1   0.146E-01   20.00
  13   -44.8162      -0.273 0.4966   0.2489E+00  0.1534E-01  0.9570E-02  0.0000E+00      -1   0.638E-02   20.00
  14   -51.0760       5.986 0.5000   0.1000E+01  0.0000E+00 -0.9284E-05  0.0000E+00      -1  -0.619E-05   20.00
  15   -57.7243      12.635 0.5000   0.1000E+01  0.0000E+00 -0.9269E-05  0.0000E+00      -1  -0.618E-05   20.00
  16   -64.7611      19.671 0.5000   0.1000E+01  0.0000E+00 -0.9117E-05  0.0000E+00      -1  -0.608E-05   20.00
  17   -72.1863      27.097 0.5000   0.1000E+01  0.0000E+00 -0.9761E-05  0.0000E+00      -1  -0.651E-05   20.00
  18   -80.0000      34.910 0.5029   0.5637E+01  0.0000E+00 -0.9644E-05  0.0000E+00      -1  -0.643E-05   20.00
  19   -82.9087      37.819 0.5029   0.5637E+01  0.0000E+00 -0.1012E-04  0.0000E+00      -1  -0.675E-05   20.00
  20   -86.3543      41.265 0.5029   0.5637E+01  0.0000E+00 -0.1441E-04  0.0000E+00      -1  -0.961E-05   20.00
  21   -90.3368      45.247 0.5029   0.5637E+01  0.0000E+00 -0.1773E-04  0.0000E+00      -1  -0.118E-04   20.00
  22   -94.8560      49.766 0.5029   0.5637E+01  0.0000E+00 -0.1578E-04  0.0000E+00      -1  -0.105E-04   20.00
  23   -99.9122      54.822 0.5029   0.5637E+01  0.0000E+00 -0.1206E-04  0.0000E+00      -1  -0.804E-05   20.00
  24  -105.5050      60.415 0.5029   0.5637E+01  0.0000E+00 -0.1090E-04  0.0000E+00      -1  -0.726E-05   20.00
  25  -111.6350      66.545 0.5029   0.5637E+01  0.0000E+00 -0.8315E-05  0.0000E+00      -1  -0.554E-05   20.00
  26  -118.3020      73.212 0.5029   0.5637E+01  0.0000E+00 -0.6209E-05  0.0000E+00      -1  -0.414E-05   20.00
  27  -125.5050      80.415 0.5029   0.5637E+01  0.0000E+00 -0.5873E-05  0.0000E+00      -1  -0.392E-05   20.00
  28  -133.2450      88.155 0.5029   0.5637E+01  0.0000E+00 -0.8142E-05  0.0000E+00      -1  -0.543E-05   20.00
  29  -141.5230      96.433 0.5029   0.5637E+01  0.0000E+00 -0.1267E-04  0.0000E+00      -1  -0.844E-05   20.00
  30  -150.3370     105.247 0.5029   0.5637E+01  0.0000E+00 -0.1426E-04  0.0000E+00      -1  -0.951E-05   20.00
  31  -159.6880     114.598 0.5029   0.5637E+01  0.0000E+00 -0.1118E-04  0.0000E+00      -1  -0.746E-05   20.00
  32  -169.5750     124.485 0.5029   0.5637E+01  0.0000E+00 -0.6321E-05  0.0000E+00      -1  -0.421E-05   20.00
  33  -180.0000     134.910 0.5029   0.5637E+01  0.0000E+00 -0.4032E-05  0.0000E+00      -1  -0.269E-05   20.00
end
